<?xml version="1.0" encoding="UTF-8"?>
<!-- Generated by org.testng.reporters.JUnitReportReporter -->
<testsuite hostname="tcwmj-pc" name="daoefang.webdriver.WebDriverDemo" tests="2" failures="0" timestamp="13 Sep 2015 02:47:05 GMT" time="7.900" errors="0">
  <testcase name="deleteMember" time="2.196" classname="daoefang.webdriver.WebDriverDemo"/>
  <testcase name="addMemeber" time="5.704" classname="daoefang.webdriver.WebDriverDemo"/>
</testsuite> <!-- daoefang.webdriver.WebDriverDemo -->
