<?xml version="1.0" encoding="UTF-8"?>
<!-- Generated by org.testng.reporters.JUnitReportReporter -->
<testsuite hostname="tcwmj-pc" name="daoefang.webdriver.day4.WebDriverDemoFeed4NG" tests="4" failures="0" timestamp="13 Sep 2015 03:45:09 GMT" time="29.430" errors="0">
  <testcase name="testLogout" time="1.386" classname="daoefang.webdriver.day4.WebDriverDemoFeed4NG"/>
  <testcase name="testLogin" time="11.674" classname="daoefang.webdriver.day4.WebDriverDemoFeed4NG"/>
  <testcase name="testMember" time="8.431" classname="daoefang.webdriver.day4.WebDriverDemoFeed4NG"/>
  <testcase name="testMember" time="7.939" classname="daoefang.webdriver.day4.WebDriverDemoFeed4NG"/>
</testsuite> <!-- daoefang.webdriver.day4.WebDriverDemoFeed4NG -->
