<?xml version="1.0" encoding="UTF-8"?>
<!-- Generated by org.testng.reporters.JUnitReportReporter -->
<testsuite hostname="tcwmj-pc" name="daoefang.webdriver.Exercise001" tests="1" failures="0" timestamp="10 Sep 2015 11:52:36 GMT" time="32.446" errors="0">
  <testcase name="exercise001" time="32.446" classname="daoefang.webdriver.Exercise001"/>
</testsuite> <!-- daoefang.webdriver.Exercise001 -->
