<?xml version="1.0" encoding="UTF-8"?>
<!-- Generated by org.testng.reporters.JUnitReportReporter -->
<testsuite hostname="tcwmj-pc" name="daoefang.webdriver.day4.WebDriverDemoPOI" tests="4" failures="0" timestamp="13 Sep 2015 07:24:53 GMT" time="29.894" errors="0">
  <testcase name="testLogout" time="1.381" classname="daoefang.webdriver.day4.WebDriverDemoPOI"/>
  <testcase name="testMember" time="8.865" classname="daoefang.webdriver.day4.WebDriverDemoPOI"/>
  <testcase name="testLogin" time="11.438" classname="daoefang.webdriver.day4.WebDriverDemoPOI"/>
  <testcase name="testMember" time="8.210" classname="daoefang.webdriver.day4.WebDriverDemoPOI"/>
</testsuite> <!-- daoefang.webdriver.day4.WebDriverDemoPOI -->
