<?xml version="1.0" encoding="UTF-8"?>
<!-- Generated by org.testng.reporters.JUnitReportReporter -->
<testsuite hostname="tcwmj-pc" name="daoefang.webdriver.WebDriverExample" tests="1" failures="0" timestamp="3 Sep 2015 02:46:58 GMT" time="17.974" errors="0">
  <testcase name="firstWebDriverMethod" time="17.974" classname="daoefang.webdriver.WebDriverExample"/>
</testsuite> <!-- daoefang.webdriver.WebDriverExample -->
