<?xml version="1.0" encoding="UTF-8"?>
<!-- Generated by org.testng.reporters.JUnitReportReporter -->
<testsuite hostname="tcwmj-pc" name="daoefang.webdriver.day4.JaxbDataDrivenDemo" tests="3" failures="0" timestamp="13 Sep 2015 08:39:59 GMT" time="0.016" errors="0">
  <testcase name="testAddWithDataDriven" time="0.015" classname="daoefang.webdriver.day4.JaxbDataDrivenDemo"/>
  <testcase name="testAddWithDataDriven" time="0.001" classname="daoefang.webdriver.day4.JaxbDataDrivenDemo"/>
  <testcase name="testAddWithDataDriven" time="0.000" classname="daoefang.webdriver.day4.JaxbDataDrivenDemo"/>
</testsuite> <!-- daoefang.webdriver.day4.JaxbDataDrivenDemo -->
