<?xml version="1.0" encoding="UTF-8"?>
<!-- Generated by org.testng.reporters.JUnitReportReporter -->
<testsuite hostname="tcwmj-pc" name="daoefang.webdriver.TestCookie" tests="1" failures="0" timestamp="3 Sep 2015 12:51:38 GMT" time="8.676" errors="0">
  <testcase name="testcookie" time="8.676" classname="daoefang.webdriver.TestCookie"/>
</testsuite> <!-- daoefang.webdriver.TestCookie -->
