<?xml version="1.0" encoding="UTF-8"?>
<!-- Generated by org.testng.reporters.JUnitReportReporter -->
<testsuite hostname="tcwmj-pc" name="daoefang.webdriver.day4.POIDataDrivenDemo" tests="4" failures="0" timestamp="13 Sep 2015 06:45:51 GMT" time="0.015" errors="0">
  <testcase name="testAddWithDataDriven" time="0.000" classname="daoefang.webdriver.day4.POIDataDrivenDemo"/>
  <testcase name="testAddWithDataDriven" time="0.013" classname="daoefang.webdriver.day4.POIDataDrivenDemo"/>
  <testcase name="testAddWithDataDriven" time="0.001" classname="daoefang.webdriver.day4.POIDataDrivenDemo"/>
  <testcase name="testAddWithDataDriven" time="0.001" classname="daoefang.webdriver.day4.POIDataDrivenDemo"/>
</testsuite> <!-- daoefang.webdriver.day4.POIDataDrivenDemo -->
