<?xml version="1.0" encoding="UTF-8"?>
<!-- Generated by org.testng.reporters.JUnitReportReporter -->
<testsuite hostname="tcwmj-pc" name="daoefang.webdriver.exercise.Execise1" tests="1" failures="0" timestamp="10 Sep 2015 13:03:35 GMT" time="21.967" errors="0">
  <testcase name="firstWebDriverMethod" time="21.967" classname="daoefang.webdriver.exercise.Execise1"/>
</testsuite> <!-- daoefang.webdriver.exercise.Execise1 -->
