<?xml version="1.0" encoding="UTF-8"?>
<!-- Generated by org.testng.reporters.JUnitReportReporter -->
<testsuite hostname="tcwmj-pc" name="daoefang.webdriver.day4.Feed4NGDataDrivenDemo" tests="6" failures="0" timestamp="13 Sep 2015 03:27:47 GMT" time="0.018" errors="0">
  <testcase name="testAddWithDataDriven" time="0.014" classname="daoefang.webdriver.day4.Feed4NGDataDrivenDemo"/>
  <testcase name="testAddWithDataDriven" time="0.001" classname="daoefang.webdriver.day4.Feed4NGDataDrivenDemo"/>
  <testcase name="testAddWithDataDriven" time="0.001" classname="daoefang.webdriver.day4.Feed4NGDataDrivenDemo"/>
  <testcase name="testAddWithDataDriven" time="0.000" classname="daoefang.webdriver.day4.Feed4NGDataDrivenDemo"/>
  <testcase name="testAddWithDataDriven" time="0.001" classname="daoefang.webdriver.day4.Feed4NGDataDrivenDemo"/>
  <testcase name="testAddWithDataDriven" time="0.001" classname="daoefang.webdriver.day4.Feed4NGDataDrivenDemo"/>
</testsuite> <!-- daoefang.webdriver.day4.Feed4NGDataDrivenDemo -->
