<?xml version="1.0" encoding="UTF-8"?>
<!-- Generated by org.testng.reporters.JUnitReportReporter -->
<testsuite hostname="tcwmj-pc" name="daoefang.webdriver.day4.Dom4jDataDrivenDemo" tests="2" failures="0" timestamp="13 Sep 2015 07:51:30 GMT" time="0.030" errors="0">
  <testcase name="testAddWithDataDriven" time="0.029" classname="daoefang.webdriver.day4.Dom4jDataDrivenDemo"/>
  <testcase name="testAddWithDataDriven" time="0.001" classname="daoefang.webdriver.day4.Dom4jDataDrivenDemo"/>
</testsuite> <!-- daoefang.webdriver.day4.Dom4jDataDrivenDemo -->
