<?xml version="1.0" encoding="UTF-8"?>
<!-- Generated by org.testng.reporters.JUnitReportReporter -->
<testsuite hostname="tcwmj-pc" name="daoefang.webdriver.ValidationSample" tests="1" failures="0" timestamp="3 Sep 2015 09:05:42 GMT" time="0.013" errors="0">
  <testcase name="validation" time="0.013" classname="daoefang.webdriver.ValidationSample"/>
</testsuite> <!-- daoefang.webdriver.ValidationSample -->
